[Sun, 08 May 22 21:05:07 +0000][DEBUG] auth/login
[Sun, 08 May 22 21:05:07 +0000][DEBUG] error/code404
[Sun, 08 May 22 21:05:18 +0000][DEBUG] index/index
[Sun, 08 May 22 21:06:03 +0000][DEBUG] index/index
[Sun, 08 May 22 21:06:03 +0000][ERROR] ImgController handler class cannot be loaded
#0 [internal function]: Phalcon\Mvc\Dispatcher->_throwDispatchException('ImgController h...', 2)
#1 [internal function]: Phalcon\Dispatcher->dispatch()
#2 /var/www/html/public/index.php(42): Phalcon\Mvc\Application->handle()
#3 {main}
[Sun, 08 May 22 21:06:03 +0000][DEBUG] error/code404
[Sun, 08 May 22 21:06:05 +0000][ERROR] LController handler class cannot be loaded
#0 [internal function]: Phalcon\Mvc\Dispatcher->_throwDispatchException('LController han...', 2)
#1 [internal function]: Phalcon\Dispatcher->dispatch()
#2 /var/www/html/public/index.php(42): Phalcon\Mvc\Application->handle()
#3 {main}
[Sun, 08 May 22 21:06:05 +0000][DEBUG] error/code404
[Sun, 08 May 22 21:06:55 +0000][ERROR] LolController handler class cannot be loaded
#0 [internal function]: Phalcon\Mvc\Dispatcher->_throwDispatchException('LolController h...', 2)
#1 [internal function]: Phalcon\Dispatcher->dispatch()
#2 /var/www/html/public/index.php(42): Phalcon\Mvc\Application->handle()
#3 {main}
[Sun, 08 May 22 21:06:55 +0000][DEBUG] error/code404
[Sun, 08 May 22 21:06:58 +0000][DEBUG] index/index
[Sun, 08 May 22 21:07:03 +0000][ERROR] LolController handler class cannot be loaded
#0 [internal function]: Phalcon\Mvc\Dispatcher->_throwDispatchException('LolController h...', 2)
#1 [internal function]: Phalcon\Dispatcher->dispatch()
#2 /var/www/html/public/index.php(42): Phalcon\Mvc\Application->handle()
#3 {main}
[Sun, 08 May 22 21:07:03 +0000][DEBUG] error/code404
[Sun, 08 May 22 21:07:35 +0000][DEBUG] index/index
[Sun, 08 May 22 21:08:00 +0000][DEBUG] index/index
[Sun, 08 May 22 21:10:11 +0000][DEBUG] index/index
[Sun, 08 May 22 21:10:16 +0000][DEBUG] auth/login
[Sun, 08 May 22 21:11:58 +0000][DEBUG] auth/login
[Sun, 08 May 22 21:13:41 +0000][DEBUG] auth/login
[Sun, 08 May 22 21:18:28 +0000][DEBUG] auth/login
[Sun, 08 May 22 21:18:48 +0000][DEBUG] auth/login
[Sun, 08 May 22 21:18:49 +0000][ERROR] ImgController handler class cannot be loaded
#0 [internal function]: Phalcon\Mvc\Dispatcher->_throwDispatchException('ImgController h...', 2)
#1 [internal function]: Phalcon\Dispatcher->dispatch()
#2 /var/www/html/public/index.php(42): Phalcon\Mvc\Application->handle()
#3 {main}
[Sun, 08 May 22 21:18:49 +0000][DEBUG] error/code404
[Sun, 08 May 22 21:19:06 +0000][DEBUG] auth/login
[Sun, 08 May 22 21:19:07 +0000][ERROR] ImgController handler class cannot be loaded
#0 [internal function]: Phalcon\Mvc\Dispatcher->_throwDispatchException('ImgController h...', 2)
#1 [internal function]: Phalcon\Dispatcher->dispatch()
#2 /var/www/html/public/index.php(42): Phalcon\Mvc\Application->handle()
#3 {main}
[Sun, 08 May 22 21:19:07 +0000][DEBUG] error/code404
[Sun, 08 May 22 21:19:14 +0000][DEBUG] auth/login
[Sun, 08 May 22 21:19:14 +0000][ERROR] ImgController handler class cannot be loaded
#0 [internal function]: Phalcon\Mvc\Dispatcher->_throwDispatchException('ImgController h...', 2)
#1 [internal function]: Phalcon\Dispatcher->dispatch()
#2 /var/www/html/public/index.php(42): Phalcon\Mvc\Application->handle()
#3 {main}
[Sun, 08 May 22 21:19:14 +0000][DEBUG] error/code404
[Sun, 08 May 22 21:21:58 +0000][DEBUG] auth/login
[Sun, 08 May 22 21:21:58 +0000][ERROR] ImgController handler class cannot be loaded
#0 [internal function]: Phalcon\Mvc\Dispatcher->_throwDispatchException('ImgController h...', 2)
#1 [internal function]: Phalcon\Dispatcher->dispatch()
#2 /var/www/html/public/index.php(42): Phalcon\Mvc\Application->handle()
#3 {main}
[Sun, 08 May 22 21:21:58 +0000][DEBUG] error/code404
[Sun, 08 May 22 21:22:16 +0000][DEBUG] auth/login
[Sun, 08 May 22 21:22:16 +0000][ERROR] ImgController handler class cannot be loaded
#0 [internal function]: Phalcon\Mvc\Dispatcher->_throwDispatchException('ImgController h...', 2)
#1 [internal function]: Phalcon\Dispatcher->dispatch()
#2 /var/www/html/public/index.php(42): Phalcon\Mvc\Application->handle()
#3 {main}
[Sun, 08 May 22 21:22:16 +0000][DEBUG] error/code404
[Sun, 08 May 22 21:22:51 +0000][DEBUG] auth/login
[Sun, 08 May 22 21:23:04 +0000][DEBUG] auth/login
[Sun, 08 May 22 21:23:05 +0000][ERROR] ImgController handler class cannot be loaded
#0 [internal function]: Phalcon\Mvc\Dispatcher->_throwDispatchException('ImgController h...', 2)
#1 [internal function]: Phalcon\Dispatcher->dispatch()
#2 /var/www/html/public/index.php(42): Phalcon\Mvc\Application->handle()
#3 {main}
[Sun, 08 May 22 21:23:05 +0000][DEBUG] error/code404
[Sun, 08 May 22 21:25:09 +0000][DEBUG] auth/login
[Sun, 08 May 22 21:25:10 +0000][ERROR] ImgController handler class cannot be loaded
#0 [internal function]: Phalcon\Mvc\Dispatcher->_throwDispatchException('ImgController h...', 2)
#1 [internal function]: Phalcon\Dispatcher->dispatch()
#2 /var/www/html/public/index.php(42): Phalcon\Mvc\Application->handle()
#3 {main}
[Sun, 08 May 22 21:25:10 +0000][DEBUG] error/code404
[Sun, 08 May 22 21:25:37 +0000][DEBUG] auth/index
[Sun, 08 May 22 21:25:40 +0000][DEBUG] auth/index
[Sun, 08 May 22 21:25:43 +0000][DEBUG] auth/login
[Sun, 08 May 22 21:26:00 +0000][DEBUG] auth/login
[Sun, 08 May 22 21:26:00 +0000][ERROR] ImgController handler class cannot be loaded
#0 [internal function]: Phalcon\Mvc\Dispatcher->_throwDispatchException('ImgController h...', 2)
#1 [internal function]: Phalcon\Dispatcher->dispatch()
#2 /var/www/html/public/index.php(42): Phalcon\Mvc\Application->handle()
#3 {main}
[Sun, 08 May 22 21:26:00 +0000][DEBUG] error/code404
[Sun, 08 May 22 21:26:03 +0000][ERROR] Action 'index' was not found on handler 'auth'
#0 [internal function]: Phalcon\Mvc\Dispatcher->_throwDispatchException('Action 'index' ...', 5)
#1 [internal function]: Phalcon\Dispatcher->dispatch()
#2 /var/www/html/public/index.php(42): Phalcon\Mvc\Application->handle()
#3 {main}
[Sun, 08 May 22 21:26:03 +0000][DEBUG] error/code404
[Sun, 08 May 22 21:26:08 +0000][DEBUG] auth/login
[Sun, 08 May 22 21:37:20 +0000][DEBUG] auth/login
[Sun, 08 May 22 21:46:19 +0000][DEBUG] auth/login
[Sun, 08 May 22 21:47:53 +0000][DEBUG] index/index
[Sun, 08 May 22 21:48:57 +0000][DEBUG] index/index
[Sun, 08 May 22 21:48:59 +0000][DEBUG] index/index
[Sun, 08 May 22 21:49:51 +0000][DEBUG] index/index
[Sun, 08 May 22 21:49:53 +0000][DEBUG] index/index
[Sun, 08 May 22 21:50:49 +0000][DEBUG] index/index
[Sun, 08 May 22 21:50:53 +0000][DEBUG] index/index
[Sun, 08 May 22 21:50:57 +0000][DEBUG] index/index
[Sun, 08 May 22 21:52:11 +0000][DEBUG] index/index
[Sun, 08 May 22 21:53:51 +0000][DEBUG] index/index
[Sun, 08 May 22 21:57:18 +0000][DEBUG] index/index
[Sun, 08 May 22 21:57:38 +0000][DEBUG] index/index
[Sun, 08 May 22 21:57:49 +0000][DEBUG] auth/login
[Sun, 08 May 22 21:57:49 +0000][ERROR] ImgController handler class cannot be loaded
#0 [internal function]: Phalcon\Mvc\Dispatcher->_throwDispatchException('ImgController h...', 2)
#1 [internal function]: Phalcon\Dispatcher->dispatch()
#2 /var/www/html/public/index.php(42): Phalcon\Mvc\Application->handle()
#3 {main}
[Sun, 08 May 22 21:57:49 +0000][DEBUG] error/code404
[Sun, 08 May 22 21:57:50 +0000][DEBUG] auth/login
[Sun, 08 May 22 21:57:52 +0000][DEBUG] auth/login
[Sun, 08 May 22 21:58:10 +0000][DEBUG] auth/login
[Sun, 08 May 22 21:59:26 +0000][DEBUG] auth/login
[Sun, 08 May 22 21:59:29 +0000][DEBUG] auth/login
[Sun, 08 May 22 21:59:30 +0000][ERROR] ImgController handler class cannot be loaded
#0 [internal function]: Phalcon\Mvc\Dispatcher->_throwDispatchException('ImgController h...', 2)
#1 [internal function]: Phalcon\Dispatcher->dispatch()
#2 /var/www/html/public/index.php(42): Phalcon\Mvc\Application->handle()
#3 {main}
[Sun, 08 May 22 21:59:30 +0000][DEBUG] error/code404
[Sun, 08 May 22 21:59:48 +0000][DEBUG] auth/login
[Sun, 08 May 22 21:59:48 +0000][DEBUG] index/index
[Sun, 08 May 22 22:00:03 +0000][DEBUG] auth/login
[Sun, 08 May 22 22:00:03 +0000][ERROR] ImgController handler class cannot be loaded
#0 [internal function]: Phalcon\Mvc\Dispatcher->_throwDispatchException('ImgController h...', 2)
#1 [internal function]: Phalcon\Dispatcher->dispatch()
#2 /var/www/html/public/index.php(42): Phalcon\Mvc\Application->handle()
#3 {main}
[Sun, 08 May 22 22:00:03 +0000][DEBUG] error/code404
[Sun, 08 May 22 22:00:45 +0000][DEBUG] auth/login
[Sun, 08 May 22 22:00:46 +0000][ERROR] ImgController handler class cannot be loaded
#0 [internal function]: Phalcon\Mvc\Dispatcher->_throwDispatchException('ImgController h...', 2)
#1 [internal function]: Phalcon\Dispatcher->dispatch()
#2 /var/www/html/public/index.php(42): Phalcon\Mvc\Application->handle()
#3 {main}
[Sun, 08 May 22 22:00:46 +0000][DEBUG] error/code404
[Sun, 08 May 22 22:02:14 +0000][DEBUG] auth/login
[Sun, 08 May 22 22:02:14 +0000][ERROR] ImgController handler class cannot be loaded
#0 [internal function]: Phalcon\Mvc\Dispatcher->_throwDispatchException('ImgController h...', 2)
#1 [internal function]: Phalcon\Dispatcher->dispatch()
#2 /var/www/html/public/index.php(42): Phalcon\Mvc\Application->handle()
#3 {main}
[Sun, 08 May 22 22:02:14 +0000][DEBUG] error/code404
[Sun, 08 May 22 22:02:17 +0000][ERROR] Action 'hy' was not found on handler 'auth'
#0 [internal function]: Phalcon\Mvc\Dispatcher->_throwDispatchException('Action 'hy' was...', 5)
#1 [internal function]: Phalcon\Dispatcher->dispatch()
#2 /var/www/html/public/index.php(42): Phalcon\Mvc\Application->handle()
#3 {main}
[Sun, 08 May 22 22:02:17 +0000][DEBUG] error/code404
[Sun, 08 May 22 22:02:19 +0000][ERROR] Action 'hy' was not found on handler 'auth'
#0 [internal function]: Phalcon\Mvc\Dispatcher->_throwDispatchException('Action 'hy' was...', 5)
#1 [internal function]: Phalcon\Dispatcher->dispatch()
#2 /var/www/html/public/index.php(42): Phalcon\Mvc\Application->handle()
#3 {main}
[Sun, 08 May 22 22:02:19 +0000][DEBUG] error/code404
[Sun, 08 May 22 22:02:19 +0000][ERROR] ImgController handler class cannot be loaded
#0 [internal function]: Phalcon\Mvc\Dispatcher->_throwDispatchException('ImgController h...', 2)
#1 [internal function]: Phalcon\Dispatcher->dispatch()
#2 /var/www/html/public/index.php(42): Phalcon\Mvc\Application->handle()
#3 {main}
[Sun, 08 May 22 22:02:19 +0000][DEBUG] error/code404
[Sun, 08 May 22 22:02:23 +0000][DEBUG] auth/login
[Sun, 08 May 22 22:03:06 +0000][ERROR] Action 'ki' was not found on handler 'auth'
#0 [internal function]: Phalcon\Mvc\Dispatcher->_throwDispatchException('Action 'ki' was...', 5)
#1 [internal function]: Phalcon\Dispatcher->dispatch()
#2 /var/www/html/public/index.php(42): Phalcon\Mvc\Application->handle()
#3 {main}
[Sun, 08 May 22 22:03:06 +0000][DEBUG] error/code404
[Sun, 08 May 22 22:03:51 +0000][DEBUG] auth/login
[Sun, 08 May 22 22:03:51 +0000][ERROR] ImgController handler class cannot be loaded
#0 [internal function]: Phalcon\Mvc\Dispatcher->_throwDispatchException('ImgController h...', 2)
#1 [internal function]: Phalcon\Dispatcher->dispatch()
#2 /var/www/html/public/index.php(42): Phalcon\Mvc\Application->handle()
#3 {main}
[Sun, 08 May 22 22:03:51 +0000][DEBUG] error/code404
[Sun, 08 May 22 22:04:08 +0000][DEBUG] auth/login
[Sun, 08 May 22 22:04:08 +0000][ERROR] ImgController handler class cannot be loaded
#0 [internal function]: Phalcon\Mvc\Dispatcher->_throwDispatchException('ImgController h...', 2)
#1 [internal function]: Phalcon\Dispatcher->dispatch()
#2 /var/www/html/public/index.php(42): Phalcon\Mvc\Application->handle()
#3 {main}
[Sun, 08 May 22 22:04:08 +0000][DEBUG] error/code404
[Sun, 08 May 22 22:04:15 +0000][DEBUG] auth/login
[Sun, 08 May 22 22:04:15 +0000][ERROR] ImgController handler class cannot be loaded
#0 [internal function]: Phalcon\Mvc\Dispatcher->_throwDispatchException('ImgController h...', 2)
#1 [internal function]: Phalcon\Dispatcher->dispatch()
#2 /var/www/html/public/index.php(42): Phalcon\Mvc\Application->handle()
#3 {main}
[Sun, 08 May 22 22:04:15 +0000][DEBUG] error/code404
[Sun, 08 May 22 22:04:56 +0000][DEBUG] auth/login
[Sun, 08 May 22 22:04:57 +0000][ERROR] ImgController handler class cannot be loaded
#0 [internal function]: Phalcon\Mvc\Dispatcher->_throwDispatchException('ImgController h...', 2)
#1 [internal function]: Phalcon\Dispatcher->dispatch()
#2 /var/www/html/public/index.php(42): Phalcon\Mvc\Application->handle()
#3 {main}
[Sun, 08 May 22 22:04:57 +0000][DEBUG] error/code404
[Sun, 08 May 22 22:05:02 +0000][DEBUG] auth/login
[Sun, 08 May 22 22:05:03 +0000][ERROR] ImgController handler class cannot be loaded
#0 [internal function]: Phalcon\Mvc\Dispatcher->_throwDispatchException('ImgController h...', 2)
#1 [internal function]: Phalcon\Dispatcher->dispatch()
#2 /var/www/html/public/index.php(42): Phalcon\Mvc\Application->handle()
#3 {main}
[Sun, 08 May 22 22:05:03 +0000][DEBUG] error/code404
[Sun, 08 May 22 22:05:24 +0000][DEBUG] auth/login
[Sun, 08 May 22 22:05:24 +0000][ERROR] ImgController handler class cannot be loaded
#0 [internal function]: Phalcon\Mvc\Dispatcher->_throwDispatchException('ImgController h...', 2)
#1 [internal function]: Phalcon\Dispatcher->dispatch()
#2 /var/www/html/public/index.php(42): Phalcon\Mvc\Application->handle()
#3 {main}
[Sun, 08 May 22 22:05:24 +0000][DEBUG] error/code404
[Sun, 08 May 22 22:05:26 +0000][DEBUG] auth/login
[Sun, 08 May 22 22:05:26 +0000][ERROR] ImgController handler class cannot be loaded
#0 [internal function]: Phalcon\Mvc\Dispatcher->_throwDispatchException('ImgController h...', 2)
#1 [internal function]: Phalcon\Dispatcher->dispatch()
#2 /var/www/html/public/index.php(42): Phalcon\Mvc\Application->handle()
#3 {main}
[Sun, 08 May 22 22:05:26 +0000][DEBUG] error/code404
[Sun, 08 May 22 22:05:39 +0000][DEBUG] auth/login
[Sun, 08 May 22 22:05:40 +0000][ERROR] ImgController handler class cannot be loaded
#0 [internal function]: Phalcon\Mvc\Dispatcher->_throwDispatchException('ImgController h...', 2)
#1 [internal function]: Phalcon\Dispatcher->dispatch()
#2 /var/www/html/public/index.php(42): Phalcon\Mvc\Application->handle()
#3 {main}
[Sun, 08 May 22 22:05:40 +0000][DEBUG] error/code404
[Sun, 08 May 22 22:06:02 +0000][DEBUG] auth/login
[Sun, 08 May 22 22:06:03 +0000][ERROR] ImgController handler class cannot be loaded
#0 [internal function]: Phalcon\Mvc\Dispatcher->_throwDispatchException('ImgController h...', 2)
#1 [internal function]: Phalcon\Dispatcher->dispatch()
#2 /var/www/html/public/index.php(42): Phalcon\Mvc\Application->handle()
#3 {main}
[Sun, 08 May 22 22:06:03 +0000][DEBUG] error/code404
[Sun, 08 May 22 22:06:16 +0000][DEBUG] auth/login
[Sun, 08 May 22 22:06:16 +0000][ERROR] ImgController handler class cannot be loaded
#0 [internal function]: Phalcon\Mvc\Dispatcher->_throwDispatchException('ImgController h...', 2)
#1 [internal function]: Phalcon\Dispatcher->dispatch()
#2 /var/www/html/public/index.php(42): Phalcon\Mvc\Application->handle()
#3 {main}
[Sun, 08 May 22 22:06:16 +0000][DEBUG] error/code404
[Sun, 08 May 22 22:06:54 +0000][DEBUG] auth/login
[Sun, 08 May 22 22:06:54 +0000][ERROR] ImgController handler class cannot be loaded
#0 [internal function]: Phalcon\Mvc\Dispatcher->_throwDispatchException('ImgController h...', 2)
#1 [internal function]: Phalcon\Dispatcher->dispatch()
#2 /var/www/html/public/index.php(42): Phalcon\Mvc\Application->handle()
#3 {main}
[Sun, 08 May 22 22:06:54 +0000][DEBUG] error/code404
[Sun, 08 May 22 22:07:37 +0000][ERROR] Action 'logi' was not found on handler 'auth'
#0 [internal function]: Phalcon\Mvc\Dispatcher->_throwDispatchException('Action 'logi' w...', 5)
#1 [internal function]: Phalcon\Dispatcher->dispatch()
#2 /var/www/html/public/index.php(42): Phalcon\Mvc\Application->handle()
#3 {main}
[Sun, 08 May 22 22:07:37 +0000][DEBUG] error/code404
[Sun, 08 May 22 22:07:48 +0000][DEBUG] auth/login
[Sun, 08 May 22 22:09:09 +0000][DEBUG] auth/login
[Sun, 08 May 22 22:09:09 +0000][ERROR] ImgController handler class cannot be loaded
#0 [internal function]: Phalcon\Mvc\Dispatcher->_throwDispatchException('ImgController h...', 2)
#1 [internal function]: Phalcon\Dispatcher->dispatch()
#2 /var/www/html/public/index.php(42): Phalcon\Mvc\Application->handle()
#3 {main}
[Sun, 08 May 22 22:09:09 +0000][DEBUG] error/code404
[Sun, 08 May 22 22:09:34 +0000][DEBUG] auth/login
[Sun, 08 May 22 22:09:35 +0000][ERROR] ImgController handler class cannot be loaded
#0 [internal function]: Phalcon\Mvc\Dispatcher->_throwDispatchException('ImgController h...', 2)
#1 [internal function]: Phalcon\Dispatcher->dispatch()
#2 /var/www/html/public/index.php(42): Phalcon\Mvc\Application->handle()
#3 {main}
[Sun, 08 May 22 22:09:35 +0000][DEBUG] error/code404
[Sun, 08 May 22 22:10:33 +0000][DEBUG] auth/login
[Sun, 08 May 22 22:10:33 +0000][ERROR] ImgController handler class cannot be loaded
#0 [internal function]: Phalcon\Mvc\Dispatcher->_throwDispatchException('ImgController h...', 2)
#1 [internal function]: Phalcon\Dispatcher->dispatch()
#2 /var/www/html/public/index.php(42): Phalcon\Mvc\Application->handle()
#3 {main}
[Sun, 08 May 22 22:10:33 +0000][DEBUG] error/code404
[Sun, 08 May 22 22:10:37 +0000][DEBUG] index/index
[Sun, 08 May 22 22:10:40 +0000][ERROR] Action 'logi' was not found on handler 'auth'
#0 [internal function]: Phalcon\Mvc\Dispatcher->_throwDispatchException('Action 'logi' w...', 5)
#1 [internal function]: Phalcon\Dispatcher->dispatch()
#2 /var/www/html/public/index.php(42): Phalcon\Mvc\Application->handle()
#3 {main}
[Sun, 08 May 22 22:10:40 +0000][DEBUG] error/code404
[Sun, 08 May 22 22:10:43 +0000][DEBUG] auth/login
[Sun, 08 May 22 22:11:16 +0000][DEBUG] auth/login
[Sun, 08 May 22 22:11:17 +0000][ERROR] ImgController handler class cannot be loaded
#0 [internal function]: Phalcon\Mvc\Dispatcher->_throwDispatchException('ImgController h...', 2)
#1 [internal function]: Phalcon\Dispatcher->dispatch()
#2 /var/www/html/public/index.php(42): Phalcon\Mvc\Application->handle()
#3 {main}
[Sun, 08 May 22 22:11:17 +0000][DEBUG] error/code404
[Sun, 08 May 22 22:11:27 +0000][DEBUG] auth/login
[Sun, 08 May 22 22:11:27 +0000][ERROR] ImgController handler class cannot be loaded
#0 [internal function]: Phalcon\Mvc\Dispatcher->_throwDispatchException('ImgController h...', 2)
#1 [internal function]: Phalcon\Dispatcher->dispatch()
#2 /var/www/html/public/index.php(42): Phalcon\Mvc\Application->handle()
#3 {main}
[Sun, 08 May 22 22:11:27 +0000][DEBUG] error/code404
[Sun, 08 May 22 22:11:35 +0000][DEBUG] auth/login
[Sun, 08 May 22 22:11:35 +0000][ERROR] ImgController handler class cannot be loaded
#0 [internal function]: Phalcon\Mvc\Dispatcher->_throwDispatchException('ImgController h...', 2)
#1 [internal function]: Phalcon\Dispatcher->dispatch()
#2 /var/www/html/public/index.php(42): Phalcon\Mvc\Application->handle()
#3 {main}
[Sun, 08 May 22 22:11:35 +0000][DEBUG] error/code404
[Sun, 08 May 22 22:11:51 +0000][DEBUG] auth/login
[Sun, 08 May 22 22:11:52 +0000][ERROR] ImgController handler class cannot be loaded
#0 [internal function]: Phalcon\Mvc\Dispatcher->_throwDispatchException('ImgController h...', 2)
#1 [internal function]: Phalcon\Dispatcher->dispatch()
#2 /var/www/html/public/index.php(42): Phalcon\Mvc\Application->handle()
#3 {main}
[Sun, 08 May 22 22:11:52 +0000][DEBUG] error/code404
[Sun, 08 May 22 22:12:11 +0000][DEBUG] auth/login
[Sun, 08 May 22 22:12:11 +0000][ERROR] ImgController handler class cannot be loaded
#0 [internal function]: Phalcon\Mvc\Dispatcher->_throwDispatchException('ImgController h...', 2)
#1 [internal function]: Phalcon\Dispatcher->dispatch()
#2 /var/www/html/public/index.php(42): Phalcon\Mvc\Application->handle()
#3 {main}
[Sun, 08 May 22 22:12:11 +0000][DEBUG] error/code404
[Sun, 08 May 22 22:12:28 +0000][DEBUG] auth/login
[Sun, 08 May 22 22:12:29 +0000][ERROR] ImgController handler class cannot be loaded
#0 [internal function]: Phalcon\Mvc\Dispatcher->_throwDispatchException('ImgController h...', 2)
#1 [internal function]: Phalcon\Dispatcher->dispatch()
#2 /var/www/html/public/index.php(42): Phalcon\Mvc\Application->handle()
#3 {main}
[Sun, 08 May 22 22:12:29 +0000][DEBUG] error/code404
[Sun, 08 May 22 22:12:42 +0000][DEBUG] auth/login
[Sun, 08 May 22 22:12:42 +0000][ERROR] ImgController handler class cannot be loaded
#0 [internal function]: Phalcon\Mvc\Dispatcher->_throwDispatchException('ImgController h...', 2)
#1 [internal function]: Phalcon\Dispatcher->dispatch()
#2 /var/www/html/public/index.php(42): Phalcon\Mvc\Application->handle()
#3 {main}
[Sun, 08 May 22 22:12:42 +0000][DEBUG] error/code404
[Sun, 08 May 22 22:13:01 +0000][DEBUG] auth/login
[Sun, 08 May 22 22:13:02 +0000][ERROR] ImgController handler class cannot be loaded
#0 [internal function]: Phalcon\Mvc\Dispatcher->_throwDispatchException('ImgController h...', 2)
#1 [internal function]: Phalcon\Dispatcher->dispatch()
#2 /var/www/html/public/index.php(42): Phalcon\Mvc\Application->handle()
#3 {main}
[Sun, 08 May 22 22:13:02 +0000][DEBUG] error/code404
[Sun, 08 May 22 22:13:33 +0000][DEBUG] auth/login
[Sun, 08 May 22 22:13:34 +0000][ERROR] ImgController handler class cannot be loaded
#0 [internal function]: Phalcon\Mvc\Dispatcher->_throwDispatchException('ImgController h...', 2)
#1 [internal function]: Phalcon\Dispatcher->dispatch()
#2 /var/www/html/public/index.php(42): Phalcon\Mvc\Application->handle()
#3 {main}
[Sun, 08 May 22 22:13:34 +0000][DEBUG] error/code404
[Sun, 08 May 22 22:13:43 +0000][DEBUG] auth/login
[Sun, 08 May 22 22:13:44 +0000][ERROR] ImgController handler class cannot be loaded
#0 [internal function]: Phalcon\Mvc\Dispatcher->_throwDispatchException('ImgController h...', 2)
#1 [internal function]: Phalcon\Dispatcher->dispatch()
#2 /var/www/html/public/index.php(42): Phalcon\Mvc\Application->handle()
#3 {main}
[Sun, 08 May 22 22:13:44 +0000][DEBUG] error/code404
[Sun, 08 May 22 22:13:51 +0000][DEBUG] auth/login
[Sun, 08 May 22 22:13:51 +0000][ERROR] ImgController handler class cannot be loaded
#0 [internal function]: Phalcon\Mvc\Dispatcher->_throwDispatchException('ImgController h...', 2)
#1 [internal function]: Phalcon\Dispatcher->dispatch()
#2 /var/www/html/public/index.php(42): Phalcon\Mvc\Application->handle()
#3 {main}
[Sun, 08 May 22 22:13:51 +0000][DEBUG] error/code404
[Sun, 08 May 22 22:14:06 +0000][DEBUG] auth/login
[Sun, 08 May 22 22:14:06 +0000][ERROR] ImgController handler class cannot be loaded
#0 [internal function]: Phalcon\Mvc\Dispatcher->_throwDispatchException('ImgController h...', 2)
#1 [internal function]: Phalcon\Dispatcher->dispatch()
#2 /var/www/html/public/index.php(42): Phalcon\Mvc\Application->handle()
#3 {main}
[Sun, 08 May 22 22:14:06 +0000][DEBUG] error/code404
[Sun, 08 May 22 22:14:25 +0000][DEBUG] auth/login
[Sun, 08 May 22 22:14:26 +0000][ERROR] ImgController handler class cannot be loaded
#0 [internal function]: Phalcon\Mvc\Dispatcher->_throwDispatchException('ImgController h...', 2)
#1 [internal function]: Phalcon\Dispatcher->dispatch()
#2 /var/www/html/public/index.php(42): Phalcon\Mvc\Application->handle()
#3 {main}
[Sun, 08 May 22 22:14:26 +0000][DEBUG] error/code404
[Sun, 08 May 22 22:14:30 +0000][DEBUG] auth/login
[Sun, 08 May 22 22:14:30 +0000][ERROR] ImgController handler class cannot be loaded
#0 [internal function]: Phalcon\Mvc\Dispatcher->_throwDispatchException('ImgController h...', 2)
#1 [internal function]: Phalcon\Dispatcher->dispatch()
#2 /var/www/html/public/index.php(42): Phalcon\Mvc\Application->handle()
#3 {main}
[Sun, 08 May 22 22:14:30 +0000][DEBUG] error/code404
[Sun, 08 May 22 22:14:37 +0000][DEBUG] auth/login
[Sun, 08 May 22 22:14:37 +0000][ERROR] ImgController handler class cannot be loaded
#0 [internal function]: Phalcon\Mvc\Dispatcher->_throwDispatchException('ImgController h...', 2)
#1 [internal function]: Phalcon\Dispatcher->dispatch()
#2 /var/www/html/public/index.php(42): Phalcon\Mvc\Application->handle()
#3 {main}
[Sun, 08 May 22 22:14:37 +0000][DEBUG] error/code404
[Sun, 08 May 22 22:14:47 +0000][DEBUG] auth/login
[Sun, 08 May 22 22:14:47 +0000][ERROR] ImgController handler class cannot be loaded
#0 [internal function]: Phalcon\Mvc\Dispatcher->_throwDispatchException('ImgController h...', 2)
#1 [internal function]: Phalcon\Dispatcher->dispatch()
#2 /var/www/html/public/index.php(42): Phalcon\Mvc\Application->handle()
#3 {main}
[Sun, 08 May 22 22:14:47 +0000][DEBUG] error/code404
[Sun, 08 May 22 22:14:57 +0000][DEBUG] auth/login
[Sun, 08 May 22 22:14:57 +0000][ERROR] ImgController handler class cannot be loaded
#0 [internal function]: Phalcon\Mvc\Dispatcher->_throwDispatchException('ImgController h...', 2)
#1 [internal function]: Phalcon\Dispatcher->dispatch()
#2 /var/www/html/public/index.php(42): Phalcon\Mvc\Application->handle()
#3 {main}
[Sun, 08 May 22 22:14:57 +0000][DEBUG] error/code404
[Sun, 08 May 22 22:15:44 +0000][DEBUG] auth/login
[Sun, 08 May 22 22:15:44 +0000][ERROR] ImgController handler class cannot be loaded
#0 [internal function]: Phalcon\Mvc\Dispatcher->_throwDispatchException('ImgController h...', 2)
#1 [internal function]: Phalcon\Dispatcher->dispatch()
#2 /var/www/html/public/index.php(42): Phalcon\Mvc\Application->handle()
#3 {main}
[Sun, 08 May 22 22:15:44 +0000][DEBUG] error/code404
[Sun, 08 May 22 22:16:47 +0000][DEBUG] auth/login
[Sun, 08 May 22 22:16:47 +0000][ERROR] ImgController handler class cannot be loaded
#0 [internal function]: Phalcon\Mvc\Dispatcher->_throwDispatchException('ImgController h...', 2)
#1 [internal function]: Phalcon\Dispatcher->dispatch()
#2 /var/www/html/public/index.php(42): Phalcon\Mvc\Application->handle()
#3 {main}
[Sun, 08 May 22 22:16:47 +0000][DEBUG] error/code404
[Sun, 08 May 22 22:17:23 +0000][DEBUG] auth/login
[Sun, 08 May 22 22:17:23 +0000][ERROR] ImgController handler class cannot be loaded
#0 [internal function]: Phalcon\Mvc\Dispatcher->_throwDispatchException('ImgController h...', 2)
#1 [internal function]: Phalcon\Dispatcher->dispatch()
#2 /var/www/html/public/index.php(42): Phalcon\Mvc\Application->handle()
#3 {main}
[Sun, 08 May 22 22:17:23 +0000][DEBUG] error/code404
[Sun, 08 May 22 22:17:31 +0000][DEBUG] auth/login
[Sun, 08 May 22 22:17:32 +0000][ERROR] ImgController handler class cannot be loaded
#0 [internal function]: Phalcon\Mvc\Dispatcher->_throwDispatchException('ImgController h...', 2)
#1 [internal function]: Phalcon\Dispatcher->dispatch()
#2 /var/www/html/public/index.php(42): Phalcon\Mvc\Application->handle()
#3 {main}
[Sun, 08 May 22 22:17:32 +0000][DEBUG] error/code404
[Sun, 08 May 22 22:17:40 +0000][DEBUG] auth/login
[Sun, 08 May 22 22:17:41 +0000][ERROR] ImgController handler class cannot be loaded
#0 [internal function]: Phalcon\Mvc\Dispatcher->_throwDispatchException('ImgController h...', 2)
#1 [internal function]: Phalcon\Dispatcher->dispatch()
#2 /var/www/html/public/index.php(42): Phalcon\Mvc\Application->handle()
#3 {main}
[Sun, 08 May 22 22:17:41 +0000][DEBUG] error/code404
[Sun, 08 May 22 22:18:01 +0000][DEBUG] auth/login
[Sun, 08 May 22 22:18:02 +0000][ERROR] ImgController handler class cannot be loaded
#0 [internal function]: Phalcon\Mvc\Dispatcher->_throwDispatchException('ImgController h...', 2)
#1 [internal function]: Phalcon\Dispatcher->dispatch()
#2 /var/www/html/public/index.php(42): Phalcon\Mvc\Application->handle()
#3 {main}
[Sun, 08 May 22 22:18:02 +0000][DEBUG] error/code404
[Sun, 08 May 22 22:18:35 +0000][DEBUG] auth/login
[Sun, 08 May 22 22:18:35 +0000][ERROR] ImgController handler class cannot be loaded
#0 [internal function]: Phalcon\Mvc\Dispatcher->_throwDispatchException('ImgController h...', 2)
#1 [internal function]: Phalcon\Dispatcher->dispatch()
#2 /var/www/html/public/index.php(42): Phalcon\Mvc\Application->handle()
#3 {main}
[Sun, 08 May 22 22:18:35 +0000][DEBUG] error/code404
[Sun, 08 May 22 22:18:38 +0000][DEBUG] auth/login
[Sun, 08 May 22 22:18:38 +0000][ERROR] ImgController handler class cannot be loaded
#0 [internal function]: Phalcon\Mvc\Dispatcher->_throwDispatchException('ImgController h...', 2)
#1 [internal function]: Phalcon\Dispatcher->dispatch()
#2 /var/www/html/public/index.php(42): Phalcon\Mvc\Application->handle()
#3 {main}
[Sun, 08 May 22 22:18:38 +0000][DEBUG] error/code404
[Sun, 08 May 22 22:18:58 +0000][DEBUG] auth/login
[Sun, 08 May 22 22:18:58 +0000][ERROR] ImgController handler class cannot be loaded
#0 [internal function]: Phalcon\Mvc\Dispatcher->_throwDispatchException('ImgController h...', 2)
#1 [internal function]: Phalcon\Dispatcher->dispatch()
#2 /var/www/html/public/index.php(42): Phalcon\Mvc\Application->handle()
#3 {main}
[Sun, 08 May 22 22:18:58 +0000][DEBUG] error/code404
[Sun, 08 May 22 22:20:51 +0000][DEBUG] auth/login
[Sun, 08 May 22 22:20:51 +0000][ERROR] ImgController handler class cannot be loaded
#0 [internal function]: Phalcon\Mvc\Dispatcher->_throwDispatchException('ImgController h...', 2)
#1 [internal function]: Phalcon\Dispatcher->dispatch()
#2 /var/www/html/public/index.php(42): Phalcon\Mvc\Application->handle()
#3 {main}
[Sun, 08 May 22 22:20:51 +0000][DEBUG] error/code404
[Sun, 08 May 22 22:21:12 +0000][DEBUG] auth/login
[Sun, 08 May 22 22:21:12 +0000][ERROR] ImgController handler class cannot be loaded
#0 [internal function]: Phalcon\Mvc\Dispatcher->_throwDispatchException('ImgController h...', 2)
#1 [internal function]: Phalcon\Dispatcher->dispatch()
#2 /var/www/html/public/index.php(42): Phalcon\Mvc\Application->handle()
#3 {main}
[Sun, 08 May 22 22:21:12 +0000][DEBUG] error/code404
[Sun, 08 May 22 22:21:29 +0000][DEBUG] auth/login
[Sun, 08 May 22 22:21:29 +0000][ERROR] ImgController handler class cannot be loaded
#0 [internal function]: Phalcon\Mvc\Dispatcher->_throwDispatchException('ImgController h...', 2)
#1 [internal function]: Phalcon\Dispatcher->dispatch()
#2 /var/www/html/public/index.php(42): Phalcon\Mvc\Application->handle()
#3 {main}
[Sun, 08 May 22 22:21:29 +0000][DEBUG] error/code404
[Sun, 08 May 22 22:21:36 +0000][DEBUG] auth/login
[Sun, 08 May 22 22:21:36 +0000][ERROR] ImgController handler class cannot be loaded
#0 [internal function]: Phalcon\Mvc\Dispatcher->_throwDispatchException('ImgController h...', 2)
#1 [internal function]: Phalcon\Dispatcher->dispatch()
#2 /var/www/html/public/index.php(42): Phalcon\Mvc\Application->handle()
#3 {main}
[Sun, 08 May 22 22:21:36 +0000][DEBUG] error/code404
[Sun, 08 May 22 22:21:42 +0000][DEBUG] auth/login
[Sun, 08 May 22 22:21:42 +0000][ERROR] ImgController handler class cannot be loaded
#0 [internal function]: Phalcon\Mvc\Dispatcher->_throwDispatchException('ImgController h...', 2)
#1 [internal function]: Phalcon\Dispatcher->dispatch()
#2 /var/www/html/public/index.php(42): Phalcon\Mvc\Application->handle()
#3 {main}
[Sun, 08 May 22 22:21:42 +0000][DEBUG] error/code404
[Sun, 08 May 22 22:22:14 +0000][ERROR] Action 'logib' was not found on handler 'auth'
#0 [internal function]: Phalcon\Mvc\Dispatcher->_throwDispatchException('Action 'logib' ...', 5)
#1 [internal function]: Phalcon\Dispatcher->dispatch()
#2 /var/www/html/public/index.php(42): Phalcon\Mvc\Application->handle()
#3 {main}
[Sun, 08 May 22 22:22:14 +0000][DEBUG] error/code404
[Sun, 08 May 22 22:22:17 +0000][DEBUG] auth/login
[Sun, 08 May 22 22:25:15 +0000][DEBUG] auth/login
[Sun, 08 May 22 22:25:15 +0000][ERROR] ImgController handler class cannot be loaded
#0 [internal function]: Phalcon\Mvc\Dispatcher->_throwDispatchException('ImgController h...', 2)
#1 [internal function]: Phalcon\Dispatcher->dispatch()
#2 /var/www/html/public/index.php(42): Phalcon\Mvc\Application->handle()
#3 {main}
[Sun, 08 May 22 22:25:15 +0000][DEBUG] error/code404
[Sun, 08 May 22 22:25:33 +0000][DEBUG] auth/login
[Sun, 08 May 22 22:25:35 +0000][DEBUG] auth/login
[Sun, 08 May 22 22:25:36 +0000][DEBUG] auth/login
[Sun, 08 May 22 22:25:37 +0000][ERROR] ImgController handler class cannot be loaded
#0 [internal function]: Phalcon\Mvc\Dispatcher->_throwDispatchException('ImgController h...', 2)
#1 [internal function]: Phalcon\Dispatcher->dispatch()
#2 /var/www/html/public/index.php(42): Phalcon\Mvc\Application->handle()
#3 {main}
[Sun, 08 May 22 22:25:37 +0000][DEBUG] error/code404
[Sun, 08 May 22 22:26:08 +0000][DEBUG] auth/login
[Sun, 08 May 22 22:26:09 +0000][ERROR] ImgController handler class cannot be loaded
#0 [internal function]: Phalcon\Mvc\Dispatcher->_throwDispatchException('ImgController h...', 2)
#1 [internal function]: Phalcon\Dispatcher->dispatch()
#2 /var/www/html/public/index.php(42): Phalcon\Mvc\Application->handle()
#3 {main}
[Sun, 08 May 22 22:26:09 +0000][DEBUG] error/code404
[Sun, 08 May 22 22:26:44 +0000][DEBUG] auth/login
[Sun, 08 May 22 22:26:44 +0000][ERROR] ImgController handler class cannot be loaded
#0 [internal function]: Phalcon\Mvc\Dispatcher->_throwDispatchException('ImgController h...', 2)
#1 [internal function]: Phalcon\Dispatcher->dispatch()
#2 /var/www/html/public/index.php(42): Phalcon\Mvc\Application->handle()
#3 {main}
[Sun, 08 May 22 22:26:44 +0000][DEBUG] error/code404
[Sun, 08 May 22 22:26:52 +0000][DEBUG] auth/login
[Sun, 08 May 22 22:26:52 +0000][ERROR] ImgController handler class cannot be loaded
#0 [internal function]: Phalcon\Mvc\Dispatcher->_throwDispatchException('ImgController h...', 2)
#1 [internal function]: Phalcon\Dispatcher->dispatch()
#2 /var/www/html/public/index.php(42): Phalcon\Mvc\Application->handle()
#3 {main}
[Sun, 08 May 22 22:26:52 +0000][DEBUG] error/code404
[Sun, 08 May 22 22:26:58 +0000][DEBUG] auth/login
[Sun, 08 May 22 22:26:58 +0000][ERROR] ImgController handler class cannot be loaded
#0 [internal function]: Phalcon\Mvc\Dispatcher->_throwDispatchException('ImgController h...', 2)
#1 [internal function]: Phalcon\Dispatcher->dispatch()
#2 /var/www/html/public/index.php(42): Phalcon\Mvc\Application->handle()
#3 {main}
[Sun, 08 May 22 22:26:58 +0000][DEBUG] error/code404
[Sun, 08 May 22 22:27:07 +0000][DEBUG] auth/login
[Sun, 08 May 22 22:27:08 +0000][ERROR] ImgController handler class cannot be loaded
#0 [internal function]: Phalcon\Mvc\Dispatcher->_throwDispatchException('ImgController h...', 2)
#1 [internal function]: Phalcon\Dispatcher->dispatch()
#2 /var/www/html/public/index.php(42): Phalcon\Mvc\Application->handle()
#3 {main}
[Sun, 08 May 22 22:27:08 +0000][DEBUG] error/code404
[Sun, 08 May 22 22:27:19 +0000][DEBUG] auth/login
[Sun, 08 May 22 22:27:19 +0000][ERROR] ImgController handler class cannot be loaded
#0 [internal function]: Phalcon\Mvc\Dispatcher->_throwDispatchException('ImgController h...', 2)
#1 [internal function]: Phalcon\Dispatcher->dispatch()
#2 /var/www/html/public/index.php(42): Phalcon\Mvc\Application->handle()
#3 {main}
[Sun, 08 May 22 22:27:19 +0000][DEBUG] error/code404
[Sun, 08 May 22 22:30:35 +0000][DEBUG] auth/login
[Sun, 08 May 22 22:30:36 +0000][ERROR] ImgController handler class cannot be loaded
#0 [internal function]: Phalcon\Mvc\Dispatcher->_throwDispatchException('ImgController h...', 2)
#1 [internal function]: Phalcon\Dispatcher->dispatch()
#2 /var/www/html/public/index.php(42): Phalcon\Mvc\Application->handle()
#3 {main}
[Sun, 08 May 22 22:30:36 +0000][DEBUG] error/code404
[Sun, 08 May 22 22:32:37 +0000][DEBUG] auth/login
[Sun, 08 May 22 22:32:38 +0000][ERROR] ImgController handler class cannot be loaded
#0 [internal function]: Phalcon\Mvc\Dispatcher->_throwDispatchException('ImgController h...', 2)
#1 [internal function]: Phalcon\Dispatcher->dispatch()
#2 /var/www/html/public/index.php(42): Phalcon\Mvc\Application->handle()
#3 {main}
[Sun, 08 May 22 22:32:38 +0000][DEBUG] error/code404
[Sun, 08 May 22 22:34:05 +0000][DEBUG] auth/login
[Sun, 08 May 22 22:34:05 +0000][ERROR] ImgController handler class cannot be loaded
#0 [internal function]: Phalcon\Mvc\Dispatcher->_throwDispatchException('ImgController h...', 2)
#1 [internal function]: Phalcon\Dispatcher->dispatch()
#2 /var/www/html/public/index.php(42): Phalcon\Mvc\Application->handle()
#3 {main}
[Sun, 08 May 22 22:34:05 +0000][DEBUG] error/code404
[Sun, 08 May 22 22:34:20 +0000][DEBUG] auth/login
[Sun, 08 May 22 22:34:21 +0000][ERROR] ImgController handler class cannot be loaded
#0 [internal function]: Phalcon\Mvc\Dispatcher->_throwDispatchException('ImgController h...', 2)
#1 [internal function]: Phalcon\Dispatcher->dispatch()
#2 /var/www/html/public/index.php(42): Phalcon\Mvc\Application->handle()
#3 {main}
[Sun, 08 May 22 22:34:21 +0000][DEBUG] error/code404
[Sun, 08 May 22 22:34:49 +0000][DEBUG] auth/login
[Sun, 08 May 22 22:34:50 +0000][ERROR] ImgController handler class cannot be loaded
#0 [internal function]: Phalcon\Mvc\Dispatcher->_throwDispatchException('ImgController h...', 2)
#1 [internal function]: Phalcon\Dispatcher->dispatch()
#2 /var/www/html/public/index.php(42): Phalcon\Mvc\Application->handle()
#3 {main}
[Sun, 08 May 22 22:34:50 +0000][DEBUG] error/code404
[Sun, 08 May 22 22:35:30 +0000][DEBUG] auth/login
[Sun, 08 May 22 22:35:31 +0000][ERROR] ImgController handler class cannot be loaded
#0 [internal function]: Phalcon\Mvc\Dispatcher->_throwDispatchException('ImgController h...', 2)
#1 [internal function]: Phalcon\Dispatcher->dispatch()
#2 /var/www/html/public/index.php(42): Phalcon\Mvc\Application->handle()
#3 {main}
[Sun, 08 May 22 22:35:31 +0000][DEBUG] error/code404
[Sun, 08 May 22 22:38:05 +0000][DEBUG] auth/login
[Sun, 08 May 22 22:39:04 +0000][DEBUG] auth/login
[Sun, 08 May 22 22:39:05 +0000][ERROR] ImgController handler class cannot be loaded
#0 [internal function]: Phalcon\Mvc\Dispatcher->_throwDispatchException('ImgController h...', 2)
#1 [internal function]: Phalcon\Dispatcher->dispatch()
#2 /var/www/html/public/index.php(42): Phalcon\Mvc\Application->handle()
#3 {main}
[Sun, 08 May 22 22:39:05 +0000][DEBUG] error/code404
[Sun, 08 May 22 22:39:17 +0000][DEBUG] auth/login
[Sun, 08 May 22 22:39:18 +0000][ERROR] ImgController handler class cannot be loaded
#0 [internal function]: Phalcon\Mvc\Dispatcher->_throwDispatchException('ImgController h...', 2)
#1 [internal function]: Phalcon\Dispatcher->dispatch()
#2 /var/www/html/public/index.php(42): Phalcon\Mvc\Application->handle()
#3 {main}
[Sun, 08 May 22 22:39:18 +0000][DEBUG] error/code404
[Sun, 08 May 22 22:39:31 +0000][DEBUG] auth/login
[Sun, 08 May 22 22:39:31 +0000][ERROR] ImgController handler class cannot be loaded
#0 [internal function]: Phalcon\Mvc\Dispatcher->_throwDispatchException('ImgController h...', 2)
#1 [internal function]: Phalcon\Dispatcher->dispatch()
#2 /var/www/html/public/index.php(42): Phalcon\Mvc\Application->handle()
#3 {main}
[Sun, 08 May 22 22:39:31 +0000][DEBUG] error/code404
[Sun, 08 May 22 22:41:10 +0000][DEBUG] auth/login
[Sun, 08 May 22 22:41:10 +0000][ERROR] ImgController handler class cannot be loaded
#0 [internal function]: Phalcon\Mvc\Dispatcher->_throwDispatchException('ImgController h...', 2)
#1 [internal function]: Phalcon\Dispatcher->dispatch()
#2 /var/www/html/public/index.php(42): Phalcon\Mvc\Application->handle()
#3 {main}
[Sun, 08 May 22 22:41:10 +0000][DEBUG] error/code404
[Sun, 08 May 22 22:43:16 +0000][DEBUG] auth/login
[Sun, 08 May 22 22:43:17 +0000][DEBUG] index/index
[Sun, 08 May 22 22:43:40 +0000][DEBUG] auth/login
[Sun, 08 May 22 22:43:40 +0000][ERROR] ImgController handler class cannot be loaded
#0 [internal function]: Phalcon\Mvc\Dispatcher->_throwDispatchException('ImgController h...', 2)
#1 [internal function]: Phalcon\Dispatcher->dispatch()
#2 /var/www/html/public/index.php(42): Phalcon\Mvc\Application->handle()
#3 {main}
[Sun, 08 May 22 22:43:40 +0000][DEBUG] error/code404
[Sun, 08 May 22 22:44:24 +0000][DEBUG] auth/login
[Sun, 08 May 22 22:44:24 +0000][ERROR] ImgController handler class cannot be loaded
#0 [internal function]: Phalcon\Mvc\Dispatcher->_throwDispatchException('ImgController h...', 2)
#1 [internal function]: Phalcon\Dispatcher->dispatch()
#2 /var/www/html/public/index.php(42): Phalcon\Mvc\Application->handle()
#3 {main}
[Sun, 08 May 22 22:44:24 +0000][DEBUG] error/code404
[Sun, 08 May 22 22:45:02 +0000][DEBUG] auth/login
[Sun, 08 May 22 22:45:02 +0000][DEBUG] index/index
[Sun, 08 May 22 22:46:02 +0000][DEBUG] auth/login
[Sun, 08 May 22 22:46:03 +0000][ERROR] ImgController handler class cannot be loaded
#0 [internal function]: Phalcon\Mvc\Dispatcher->_throwDispatchException('ImgController h...', 2)
#1 [internal function]: Phalcon\Dispatcher->dispatch()
#2 /var/www/html/public/index.php(42): Phalcon\Mvc\Application->handle()
#3 {main}
[Sun, 08 May 22 22:46:03 +0000][DEBUG] error/code404
[Sun, 08 May 22 22:47:44 +0000][DEBUG] auth/login
[Sun, 08 May 22 22:47:44 +0000][DEBUG] index/index
[Sun, 08 May 22 22:47:49 +0000][DEBUG] auth/login
[Sun, 08 May 22 22:47:49 +0000][ERROR] ImgController handler class cannot be loaded
#0 [internal function]: Phalcon\Mvc\Dispatcher->_throwDispatchException('ImgController h...', 2)
#1 [internal function]: Phalcon\Dispatcher->dispatch()
#2 /var/www/html/public/index.php(42): Phalcon\Mvc\Application->handle()
#3 {main}
[Sun, 08 May 22 22:47:49 +0000][DEBUG] error/code404
[Sun, 08 May 22 22:49:17 +0000][DEBUG] auth/login
[Sun, 08 May 22 22:49:28 +0000][DEBUG] auth/login
[Sun, 08 May 22 22:49:28 +0000][ERROR] ImgController handler class cannot be loaded
#0 [internal function]: Phalcon\Mvc\Dispatcher->_throwDispatchException('ImgController h...', 2)
#1 [internal function]: Phalcon\Dispatcher->dispatch()
#2 /var/www/html/public/index.php(42): Phalcon\Mvc\Application->handle()
#3 {main}
[Sun, 08 May 22 22:49:28 +0000][DEBUG] error/code404
[Sun, 08 May 22 22:49:40 +0000][DEBUG] auth/login
[Sun, 08 May 22 22:49:40 +0000][ERROR] ImgController handler class cannot be loaded
#0 [internal function]: Phalcon\Mvc\Dispatcher->_throwDispatchException('ImgController h...', 2)
#1 [internal function]: Phalcon\Dispatcher->dispatch()
#2 /var/www/html/public/index.php(42): Phalcon\Mvc\Application->handle()
#3 {main}
[Sun, 08 May 22 22:49:40 +0000][DEBUG] error/code404
[Sun, 08 May 22 22:51:44 +0000][DEBUG] auth/login
[Sun, 08 May 22 22:51:45 +0000][ERROR] ImgController handler class cannot be loaded
#0 [internal function]: Phalcon\Mvc\Dispatcher->_throwDispatchException('ImgController h...', 2)
#1 [internal function]: Phalcon\Dispatcher->dispatch()
#2 /var/www/html/public/index.php(42): Phalcon\Mvc\Application->handle()
#3 {main}
[Sun, 08 May 22 22:51:45 +0000][DEBUG] error/code404
[Sun, 08 May 22 22:52:13 +0000][DEBUG] auth/login
[Sun, 08 May 22 22:52:14 +0000][ERROR] ImgController handler class cannot be loaded
#0 [internal function]: Phalcon\Mvc\Dispatcher->_throwDispatchException('ImgController h...', 2)
#1 [internal function]: Phalcon\Dispatcher->dispatch()
#2 /var/www/html/public/index.php(42): Phalcon\Mvc\Application->handle()
#3 {main}
[Sun, 08 May 22 22:52:14 +0000][DEBUG] error/code404
[Sun, 08 May 22 22:54:34 +0000][DEBUG] auth/login
[Sun, 08 May 22 22:54:35 +0000][ERROR] ImgController handler class cannot be loaded
#0 [internal function]: Phalcon\Mvc\Dispatcher->_throwDispatchException('ImgController h...', 2)
#1 [internal function]: Phalcon\Dispatcher->dispatch()
#2 /var/www/html/public/index.php(42): Phalcon\Mvc\Application->handle()
#3 {main}
[Sun, 08 May 22 22:54:35 +0000][DEBUG] error/code404
[Sun, 08 May 22 22:54:55 +0000][DEBUG] auth/login
[Sun, 08 May 22 22:54:55 +0000][ERROR] ImgController handler class cannot be loaded
#0 [internal function]: Phalcon\Mvc\Dispatcher->_throwDispatchException('ImgController h...', 2)
#1 [internal function]: Phalcon\Dispatcher->dispatch()
#2 /var/www/html/public/index.php(42): Phalcon\Mvc\Application->handle()
#3 {main}
[Sun, 08 May 22 22:54:55 +0000][DEBUG] error/code404
[Sun, 08 May 22 22:55:20 +0000][DEBUG] auth/login
[Sun, 08 May 22 22:55:20 +0000][ERROR] ImgController handler class cannot be loaded
#0 [internal function]: Phalcon\Mvc\Dispatcher->_throwDispatchException('ImgController h...', 2)
#1 [internal function]: Phalcon\Dispatcher->dispatch()
#2 /var/www/html/public/index.php(42): Phalcon\Mvc\Application->handle()
#3 {main}
[Sun, 08 May 22 22:55:20 +0000][DEBUG] error/code404
[Sun, 08 May 22 22:55:48 +0000][DEBUG] auth/login
[Sun, 08 May 22 22:55:48 +0000][ERROR] ImgController handler class cannot be loaded
#0 [internal function]: Phalcon\Mvc\Dispatcher->_throwDispatchException('ImgController h...', 2)
#1 [internal function]: Phalcon\Dispatcher->dispatch()
#2 /var/www/html/public/index.php(42): Phalcon\Mvc\Application->handle()
#3 {main}
[Sun, 08 May 22 22:55:48 +0000][DEBUG] error/code404
[Sun, 08 May 22 22:56:23 +0000][DEBUG] auth/login
[Sun, 08 May 22 22:56:24 +0000][ERROR] ImgController handler class cannot be loaded
#0 [internal function]: Phalcon\Mvc\Dispatcher->_throwDispatchException('ImgController h...', 2)
#1 [internal function]: Phalcon\Dispatcher->dispatch()
#2 /var/www/html/public/index.php(42): Phalcon\Mvc\Application->handle()
#3 {main}
[Sun, 08 May 22 22:56:24 +0000][DEBUG] error/code404
[Sun, 08 May 22 22:56:37 +0000][DEBUG] auth/login
[Sun, 08 May 22 22:56:37 +0000][ERROR] ImgController handler class cannot be loaded
#0 [internal function]: Phalcon\Mvc\Dispatcher->_throwDispatchException('ImgController h...', 2)
#1 [internal function]: Phalcon\Dispatcher->dispatch()
#2 /var/www/html/public/index.php(42): Phalcon\Mvc\Application->handle()
#3 {main}
[Sun, 08 May 22 22:56:37 +0000][DEBUG] error/code404
[Sun, 08 May 22 22:56:49 +0000][DEBUG] auth/login
[Sun, 08 May 22 22:56:50 +0000][ERROR] ImgController handler class cannot be loaded
#0 [internal function]: Phalcon\Mvc\Dispatcher->_throwDispatchException('ImgController h...', 2)
#1 [internal function]: Phalcon\Dispatcher->dispatch()
#2 /var/www/html/public/index.php(42): Phalcon\Mvc\Application->handle()
#3 {main}
[Sun, 08 May 22 22:56:50 +0000][DEBUG] error/code404
[Sun, 08 May 22 22:57:12 +0000][DEBUG] auth/login
[Sun, 08 May 22 22:58:20 +0000][DEBUG] auth/login
[Sun, 08 May 22 22:58:20 +0000][ERROR] ImgController handler class cannot be loaded
#0 [internal function]: Phalcon\Mvc\Dispatcher->_throwDispatchException('ImgController h...', 2)
#1 [internal function]: Phalcon\Dispatcher->dispatch()
#2 /var/www/html/public/index.php(42): Phalcon\Mvc\Application->handle()
#3 {main}
[Sun, 08 May 22 22:58:20 +0000][DEBUG] error/code404
[Sun, 08 May 22 22:58:52 +0000][DEBUG] auth/login
[Sun, 08 May 22 22:58:52 +0000][ERROR] ImgController handler class cannot be loaded
#0 [internal function]: Phalcon\Mvc\Dispatcher->_throwDispatchException('ImgController h...', 2)
#1 [internal function]: Phalcon\Dispatcher->dispatch()
#2 /var/www/html/public/index.php(42): Phalcon\Mvc\Application->handle()
#3 {main}
[Sun, 08 May 22 22:58:52 +0000][DEBUG] error/code404
[Sun, 08 May 22 22:59:21 +0000][DEBUG] auth/login
[Sun, 08 May 22 22:59:21 +0000][ERROR] ImgController handler class cannot be loaded
#0 [internal function]: Phalcon\Mvc\Dispatcher->_throwDispatchException('ImgController h...', 2)
#1 [internal function]: Phalcon\Dispatcher->dispatch()
#2 /var/www/html/public/index.php(42): Phalcon\Mvc\Application->handle()
#3 {main}
[Sun, 08 May 22 22:59:21 +0000][DEBUG] error/code404
[Sun, 08 May 22 22:59:36 +0000][DEBUG] auth/login
[Sun, 08 May 22 22:59:37 +0000][ERROR] ImgController handler class cannot be loaded
#0 [internal function]: Phalcon\Mvc\Dispatcher->_throwDispatchException('ImgController h...', 2)
#1 [internal function]: Phalcon\Dispatcher->dispatch()
#2 /var/www/html/public/index.php(42): Phalcon\Mvc\Application->handle()
#3 {main}
[Sun, 08 May 22 22:59:37 +0000][DEBUG] error/code404
[Sun, 08 May 22 22:59:58 +0000][DEBUG] auth/login
[Sun, 08 May 22 22:59:58 +0000][ERROR] ImgController handler class cannot be loaded
#0 [internal function]: Phalcon\Mvc\Dispatcher->_throwDispatchException('ImgController h...', 2)
#1 [internal function]: Phalcon\Dispatcher->dispatch()
#2 /var/www/html/public/index.php(42): Phalcon\Mvc\Application->handle()
#3 {main}
[Sun, 08 May 22 22:59:58 +0000][DEBUG] error/code404
[Sun, 08 May 22 23:00:13 +0000][DEBUG] auth/login
[Sun, 08 May 22 23:00:14 +0000][ERROR] ImgController handler class cannot be loaded
#0 [internal function]: Phalcon\Mvc\Dispatcher->_throwDispatchException('ImgController h...', 2)
#1 [internal function]: Phalcon\Dispatcher->dispatch()
#2 /var/www/html/public/index.php(42): Phalcon\Mvc\Application->handle()
#3 {main}
[Sun, 08 May 22 23:00:14 +0000][DEBUG] error/code404
[Sun, 08 May 22 23:00:20 +0000][DEBUG] auth/login
[Sun, 08 May 22 23:00:21 +0000][ERROR] ImgController handler class cannot be loaded
#0 [internal function]: Phalcon\Mvc\Dispatcher->_throwDispatchException('ImgController h...', 2)
#1 [internal function]: Phalcon\Dispatcher->dispatch()
#2 /var/www/html/public/index.php(42): Phalcon\Mvc\Application->handle()
#3 {main}
[Sun, 08 May 22 23:00:21 +0000][DEBUG] error/code404
[Sun, 08 May 22 23:00:55 +0000][DEBUG] auth/login
[Sun, 08 May 22 23:00:55 +0000][ERROR] ImgController handler class cannot be loaded
#0 [internal function]: Phalcon\Mvc\Dispatcher->_throwDispatchException('ImgController h...', 2)
#1 [internal function]: Phalcon\Dispatcher->dispatch()
#2 /var/www/html/public/index.php(42): Phalcon\Mvc\Application->handle()
#3 {main}
[Sun, 08 May 22 23:00:55 +0000][DEBUG] error/code404
[Sun, 08 May 22 23:01:15 +0000][DEBUG] auth/login
[Sun, 08 May 22 23:01:15 +0000][ERROR] ImgController handler class cannot be loaded
#0 [internal function]: Phalcon\Mvc\Dispatcher->_throwDispatchException('ImgController h...', 2)
#1 [internal function]: Phalcon\Dispatcher->dispatch()
#2 /var/www/html/public/index.php(42): Phalcon\Mvc\Application->handle()
#3 {main}
[Sun, 08 May 22 23:01:15 +0000][DEBUG] error/code404
[Sun, 08 May 22 23:01:48 +0000][DEBUG] auth/login
[Sun, 08 May 22 23:01:49 +0000][ERROR] ImgController handler class cannot be loaded
#0 [internal function]: Phalcon\Mvc\Dispatcher->_throwDispatchException('ImgController h...', 2)
#1 [internal function]: Phalcon\Dispatcher->dispatch()
#2 /var/www/html/public/index.php(42): Phalcon\Mvc\Application->handle()
#3 {main}
[Sun, 08 May 22 23:01:49 +0000][DEBUG] error/code404
[Sun, 08 May 22 23:02:12 +0000][DEBUG] auth/login
[Sun, 08 May 22 23:02:12 +0000][ERROR] ImgController handler class cannot be loaded
#0 [internal function]: Phalcon\Mvc\Dispatcher->_throwDispatchException('ImgController h...', 2)
#1 [internal function]: Phalcon\Dispatcher->dispatch()
#2 /var/www/html/public/index.php(42): Phalcon\Mvc\Application->handle()
#3 {main}
[Sun, 08 May 22 23:02:12 +0000][DEBUG] error/code404
[Sun, 08 May 22 23:02:51 +0000][DEBUG] auth/login
[Sun, 08 May 22 23:02:52 +0000][ERROR] ImgController handler class cannot be loaded
#0 [internal function]: Phalcon\Mvc\Dispatcher->_throwDispatchException('ImgController h...', 2)
#1 [internal function]: Phalcon\Dispatcher->dispatch()
#2 /var/www/html/public/index.php(42): Phalcon\Mvc\Application->handle()
#3 {main}
[Sun, 08 May 22 23:02:52 +0000][DEBUG] error/code404
[Sun, 08 May 22 23:05:29 +0000][DEBUG] auth/login
[Sun, 08 May 22 23:05:29 +0000][ERROR] ImgController handler class cannot be loaded
#0 [internal function]: Phalcon\Mvc\Dispatcher->_throwDispatchException('ImgController h...', 2)
#1 [internal function]: Phalcon\Dispatcher->dispatch()
#2 /var/www/html/public/index.php(42): Phalcon\Mvc\Application->handle()
#3 {main}
[Sun, 08 May 22 23:05:29 +0000][DEBUG] error/code404
[Sun, 08 May 22 23:05:31 +0000][DEBUG] auth/login
[Sun, 08 May 22 23:05:31 +0000][ERROR] ImgController handler class cannot be loaded
#0 [internal function]: Phalcon\Mvc\Dispatcher->_throwDispatchException('ImgController h...', 2)
#1 [internal function]: Phalcon\Dispatcher->dispatch()
#2 /var/www/html/public/index.php(42): Phalcon\Mvc\Application->handle()
#3 {main}
[Sun, 08 May 22 23:05:31 +0000][DEBUG] error/code404
[Sun, 08 May 22 23:05:59 +0000][DEBUG] auth/login
[Sun, 08 May 22 23:06:00 +0000][ERROR] ImgController handler class cannot be loaded
#0 [internal function]: Phalcon\Mvc\Dispatcher->_throwDispatchException('ImgController h...', 2)
#1 [internal function]: Phalcon\Dispatcher->dispatch()
#2 /var/www/html/public/index.php(42): Phalcon\Mvc\Application->handle()
#3 {main}
[Sun, 08 May 22 23:06:00 +0000][DEBUG] error/code404
[Sun, 08 May 22 23:07:07 +0000][DEBUG] auth/login
[Sun, 08 May 22 23:07:08 +0000][ERROR] ImgController handler class cannot be loaded
#0 [internal function]: Phalcon\Mvc\Dispatcher->_throwDispatchException('ImgController h...', 2)
#1 [internal function]: Phalcon\Dispatcher->dispatch()
#2 /var/www/html/public/index.php(42): Phalcon\Mvc\Application->handle()
#3 {main}
[Sun, 08 May 22 23:07:08 +0000][DEBUG] error/code404
[Sun, 08 May 22 23:08:06 +0000][DEBUG] auth/login
[Sun, 08 May 22 23:08:06 +0000][ERROR] ImgController handler class cannot be loaded
#0 [internal function]: Phalcon\Mvc\Dispatcher->_throwDispatchException('ImgController h...', 2)
#1 [internal function]: Phalcon\Dispatcher->dispatch()
#2 /var/www/html/public/index.php(42): Phalcon\Mvc\Application->handle()
#3 {main}
[Sun, 08 May 22 23:08:06 +0000][DEBUG] error/code404
[Sun, 08 May 22 23:11:08 +0000][DEBUG] auth/login
[Sun, 08 May 22 23:11:09 +0000][ERROR] ImgController handler class cannot be loaded
#0 [internal function]: Phalcon\Mvc\Dispatcher->_throwDispatchException('ImgController h...', 2)
#1 [internal function]: Phalcon\Dispatcher->dispatch()
#2 /var/www/html/public/index.php(42): Phalcon\Mvc\Application->handle()
#3 {main}
[Sun, 08 May 22 23:11:09 +0000][DEBUG] error/code404
[Sun, 08 May 22 23:11:59 +0000][DEBUG] auth/login
[Sun, 08 May 22 23:13:28 +0000][DEBUG] auth/login
[Sun, 08 May 22 23:13:28 +0000][ERROR] ImgController handler class cannot be loaded
#0 [internal function]: Phalcon\Mvc\Dispatcher->_throwDispatchException('ImgController h...', 2)
#1 [internal function]: Phalcon\Dispatcher->dispatch()
#2 /var/www/html/public/index.php(42): Phalcon\Mvc\Application->handle()
#3 {main}
[Sun, 08 May 22 23:13:28 +0000][DEBUG] error/code404
[Sun, 08 May 22 23:13:35 +0000][DEBUG] auth/login
[Sun, 08 May 22 23:14:41 +0000][ERROR] Action 'logi' was not found on handler 'auth'
#0 [internal function]: Phalcon\Mvc\Dispatcher->_throwDispatchException('Action 'logi' w...', 5)
#1 [internal function]: Phalcon\Dispatcher->dispatch()
#2 /var/www/html/public/index.php(42): Phalcon\Mvc\Application->handle()
#3 {main}
[Sun, 08 May 22 23:14:41 +0000][DEBUG] error/code404
[Sun, 08 May 22 23:14:44 +0000][DEBUG] auth/login
[Sun, 08 May 22 23:14:45 +0000][DEBUG] auth/login
